#
# There is insufficient memory for the Java Runtime Environment to continue.
# Native memory allocation (malloc) failed to allocate 964256 bytes for Chunk::new
# Possible reasons:
#   The system is out of physical RAM or swap space
#   The process is running with CompressedOops enabled, and the Java Heap may be blocking the growth of the native heap
# Possible solutions:
#   Reduce memory load on the system
#   Increase physical memory or swap space
#   Check if swap backing store is full
#   Decrease Java heap size (-Xmx/-Xms)
#   Decrease number of Java threads
#   Decrease Java thread stack sizes (-Xss)
#   Set larger code cache with -XX:ReservedCodeCacheSize=
#   JVM is running with Unscaled Compressed Oops mode in which the Java heap is
#     placed in the first 4GB address space. The Java Heap base address is the
#     maximum limit for the native heap growth. Please use -XX:HeapBaseMinAddress
#     to set the Java Heap base and to place the Java Heap above 4GB virtual address.
# This output file may be truncated or incomplete.
#
#  Out of Memory Error (allocation.cpp:389), pid=13504, tid=0x0000000000003740
#
# JRE version: OpenJDK Runtime Environment (8.0_202-b03) (build 1.8.0_202-release-1483-b03)
# Java VM: OpenJDK 64-Bit Server VM (25.202-b03 mixed mode windows-amd64 compressed oops)
# Failed to write core dump. Minidumps are not enabled by default on client versions of Windows
#

---------------  T H R E A D  ---------------

Current thread (0x0000000013468800):  JavaThread "C2 CompilerThread0" daemon [_thread_in_native, id=14144, stack(0x00000000144b0000,0x00000000145b0000)]

Stack: [0x00000000144b0000,0x00000000145b0000]
[error occurred during error reporting (printing stack bounds), id 0xc0000005]

Native frames: (J=compiled Java code, j=interpreted, Vv=VM code, C=native code)


Current CompileTask:
C2: 750530 9767       4       com.android.utils.PositionXmlParser::getPositionHelper (757 bytes)


---------------  P R O C E S S  ---------------

Java Threads: ( => current thread )
  0x0000000015402000 JavaThread "Cache worker for execution history cache (C:\Users\seriv\StudioProjects\SkyStone-States\.gradle\5.4.1\executionHistory)" [_thread_blocked, id=12056, stack(0x000000001efe0000,0x000000001f0e0000)]
  0x00000000153f8800 JavaThread "Execution worker for ':'" [_thread_blocked, id=23180, stack(0x0000000019ca0000,0x0000000019da0000)]
  0x0000000015400800 JavaThread "Memory manager" [_thread_blocked, id=18520, stack(0x000000001e8e0000,0x000000001e9e0000)]
  0x00000000153ff000 JavaThread "Cache worker for Build Output Cleanup Cache (C:\Users\seriv\StudioProjects\SkyStone-States\.gradle\buildOutputCleanup)" [_thread_blocked, id=23100, stack(0x0000000019ba0000,0x0000000019ca0000)]
  0x00000000153fd800 JavaThread "Build operations Thread 2" [_thread_blocked, id=14332, stack(0x000000001afa0000,0x000000001b0a0000)]
  0x00000000153f7000 JavaThread "Build operations" [_thread_blocked, id=212, stack(0x0000000017500000,0x0000000017600000)]
  0x00000000153fd000 JavaThread "Cache worker for execution history cache (C:\Users\seriv\.gradle\caches\5.4.1\executionHistory)" [_thread_blocked, id=17248, stack(0x000000001a8a0000,0x000000001a9a0000)]
  0x00000000153f9000 JavaThread "Cache worker for cache directory md-rule (C:\Users\seriv\.gradle\caches\5.4.1\md-rule)" [_thread_blocked, id=15576, stack(0x000000001a7a0000,0x000000001a8a0000)]
  0x00000000153fc000 JavaThread "Cache worker for cache directory md-supplier (C:\Users\seriv\.gradle\caches\5.4.1\md-supplier)" [_thread_blocked, id=22972, stack(0x000000001a6a0000,0x000000001a7a0000)]
  0x0000000015f8d800 JavaThread "Cache worker for file hash cache (C:\Users\seriv\StudioProjects\SkyStone-States\.gradle\5.4.1\fileHashes)" [_thread_blocked, id=11212, stack(0x0000000019fa0000,0x000000001a0a0000)]
  0x0000000015f91800 JavaThread "Cache worker for journal cache (C:\Users\seriv\.gradle\caches\journal-1)" [_thread_blocked, id=10272, stack(0x0000000017b00000,0x0000000017c00000)]
  0x0000000015f8d000 JavaThread "File lock request listener" [_thread_in_native, id=20900, stack(0x0000000017a00000,0x0000000017b00000)]
  0x0000000015f8f000 JavaThread "Cache worker for file hash cache (C:\Users\seriv\.gradle\caches\5.4.1\fileHashes)" [_thread_blocked, id=22936, stack(0x0000000017700000,0x0000000017800000)]
  0x0000000014927000 JavaThread "Thread-9" [_thread_blocked, id=17048, stack(0x0000000017600000,0x0000000017700000)]
  0x00000000149fc800 JavaThread "Asynchronous log dispatcher for DefaultDaemonConnection: socket connection from /127.0.0.1:51196 to /127.0.0.1:51197" [_thread_blocked, id=4332, stack(0x0000000017400000,0x0000000017500000)]
  0x0000000014996800 JavaThread "Daemon worker" [_thread_blocked, id=14588, stack(0x0000000017300000,0x0000000017400000)]
  0x0000000014996000 JavaThread "Cancel handler" [_thread_blocked, id=17360, stack(0x0000000017200000,0x0000000017300000)]
  0x000000001508c000 JavaThread "Handler for socket connection from /127.0.0.1:51196 to /127.0.0.1:51197" [_thread_in_native, id=16772, stack(0x0000000016f00000,0x0000000017000000)]
  0x0000000015087000 JavaThread "Daemon" [_thread_blocked, id=18160, stack(0x0000000016e00000,0x0000000016f00000)]
  0x000000001513b800 JavaThread "Daemon periodic checks" [_thread_blocked, id=10304, stack(0x0000000016d00000,0x0000000016e00000)]
  0x0000000015136000 JavaThread "Incoming local TCP Connector on port 51196" [_thread_in_native, id=16164, stack(0x0000000016ac0000,0x0000000016bc0000)]
  0x0000000014f65000 JavaThread "Daemon health stats" [_thread_blocked, id=10940, stack(0x0000000016480000,0x0000000016580000)]
  0x00000000134c5800 JavaThread "Service Thread" daemon [_thread_blocked, id=14772, stack(0x00000000146b0000,0x00000000147b0000)]
  0x000000001346c000 JavaThread "C1 CompilerThread1" daemon [_thread_blocked, id=16724, stack(0x00000000145b0000,0x00000000146b0000)]
=>0x0000000013468800 JavaThread "C2 CompilerThread0" daemon [_thread_in_native, id=14144, stack(0x00000000144b0000,0x00000000145b0000)]
  0x0000000013467800 JavaThread "Attach Listener" daemon [_thread_blocked, id=19308, stack(0x00000000143b0000,0x00000000144b0000)]
  0x0000000013464000 JavaThread "Signal Dispatcher" daemon [_thread_blocked, id=13160, stack(0x00000000142b0000,0x00000000143b0000)]
  0x0000000002261000 JavaThread "Finalizer" daemon [_thread_blocked, id=13752, stack(0x00000000140b0000,0x00000000141b0000)]
  0x0000000013457000 JavaThread "Reference Handler" daemon [_thread_blocked, id=13536, stack(0x0000000013fb0000,0x00000000140b0000)]
  0x000000000233d800 JavaThread "main" [_thread_blocked, id=20420, stack(0x0000000000880000,0x0000000000980000)]

Other Threads:
  0x0000000013435800 VMThread [stack: 0x0000000013eb0000,0x0000000013fb0000] [id=15744]
  0x00000000134c8000 WatcherThread [stack: 0x00000000147b0000,0x00000000148b0000] [id=13156]

VM state:not at safepoint (normal execution)

VM Mutex/Monitor currently owned by a thread: None

heap address: 0x00000000e0000000, size: 512 MB, Compressed Oops mode: 32-bit
Narrow klass base: 0x0000000000000000, Narrow klass shift: 3
Compressed class space size: 1073741824 Address: 0x0000000100000000

Heap:
 PSYoungGen      total 153600K, used 144650K [0x00000000f5580000, 0x0000000100000000, 0x0000000100000000)
  eden space 132608K, 98% used [0x00000000f5580000,0x00000000fd585c28,0x00000000fd700000)
  from space 20992K, 64% used [0x00000000fd700000,0x00000000fe43cf48,0x00000000feb80000)
  to   space 20992K, 0% used [0x00000000feb80000,0x00000000feb80000,0x0000000100000000)
 ParOldGen       total 175104K, used 27579K [0x00000000e0000000, 0x00000000eab00000, 0x00000000f5580000)
  object space 175104K, 15% used [0x00000000e0000000,0x00000000e1aeeee0,0x00000000eab00000)
 Metaspace       used 69288K, capacity 72296K, committed 72576K, reserved 1112064K
  class space    used 9356K, capacity 9988K, committed 10112K, reserved 1048576K

Card table byte_map: [0x0000000011700000,0x0000000011810000] byte_map_base: 0x0000000011000000

Marking Bits: (ParMarkBitMap*) 0x000000005dd99f30
 Begin Bits: [0x0000000011a10000, 0x0000000012210000)
 End Bits:   [0x0000000012210000, 0x0000000012a10000)

Polling page: 0x0000000000430000

CodeCache: size=245760Kb used=25988Kb max_used=25992Kb free=219771Kb
 bounds [0x0000000002340000, 0x0000000003cd0000, 0x0000000011340000]
 total_blobs=9163 nmethods=8345 adapters=732
 compilation: enabled

Compilation events (10 events):
Event: 749.565 Thread 0x000000001346c000 nmethod 9766 0x00000000031e4e10 code [0x00000000031e4f60, 0x00000000031e5070]
Event: 749.628 Thread 0x0000000013468800 9767       4       com.android.utils.PositionXmlParser::getPositionHelper (757 bytes)
Event: 749.658 Thread 0x000000001346c000 9768   !   3       com.android.manifmerger.XmlAttribute::getPosition (10 bytes)
Event: 749.660 Thread 0x000000001346c000 nmethod 9768 0x0000000003cb8190 code [0x0000000003cb8340, 0x0000000003cb87b8]
Event: 749.660 Thread 0x000000001346c000 9769       3       com.android.manifmerger.XmlAttribute::getXml (5 bytes)
Event: 749.660 Thread 0x000000001346c000 nmethod 9769 0x0000000003941810 code [0x0000000003941960, 0x0000000003941ad0]
Event: 749.668 Thread 0x000000001346c000 9770       3       com.google.common.collect.ImmutableMultimap$Builder::put (50 bytes)
Event: 749.672 Thread 0x000000001346c000 nmethod 9770 0x0000000003cc0610 code [0x0000000003cc07e0, 0x0000000003cc0fb8]
Event: 749.688 Thread 0x000000001346c000 9771       3       com.sun.org.apache.xerces.internal.dom.ElementImpl::getAttributeNodeNS (33 bytes)
Event: 749.690 Thread 0x000000001346c000 nmethod 9771 0x0000000003cc6e10 code [0x0000000003cc6fe0, 0x0000000003cc7888]

GC Heap History (10 events):
Event: 166.598 GC heap before
{Heap before GC invocations=8 (full 2):
 PSYoungGen      total 138752K, used 128000K [0x00000000f5580000, 0x0000000100000000, 0x0000000100000000)
  eden space 128000K, 100% used [0x00000000f5580000,0x00000000fd280000,0x00000000fd280000)
  from space 10752K, 0% used [0x00000000fd280000,0x00000000fd280000,0x00000000fdd00000)
  to   space 15872K, 0% used [0x00000000ff080000,0x00000000ff080000,0x0000000100000000)
 ParOldGen       total 175104K, used 20344K [0x00000000e0000000, 0x00000000eab00000, 0x00000000f5580000)
  object space 175104K, 11% used [0x00000000e0000000,0x00000000e13de380,0x00000000eab00000)
 Metaspace       used 46118K, capacity 47476K, committed 47744K, reserved 1091584K
  class space    used 6202K, capacity 6494K, committed 6528K, reserved 1048576K
Event: 170.098 GC heap after
Heap after GC invocations=8 (full 2):
 PSYoungGen      total 153600K, used 15859K [0x00000000f5580000, 0x0000000100000000, 0x0000000100000000)
  eden space 137728K, 0% used [0x00000000f5580000,0x00000000f5580000,0x00000000fdc00000)
  from space 15872K, 99% used [0x00000000ff080000,0x00000000ffffce48,0x0000000100000000)
  to   space 18432K, 0% used [0x00000000fdc00000,0x00000000fdc00000,0x00000000fee00000)
 ParOldGen       total 175104K, used 20532K [0x00000000e0000000, 0x00000000eab00000, 0x00000000f5580000)
  object space 175104K, 11% used [0x00000000e0000000,0x00000000e140d228,0x00000000eab00000)
 Metaspace       used 46118K, capacity 47476K, committed 47744K, reserved 1091584K
  class space    used 6202K, capacity 6494K, committed 6528K, reserved 1048576K
}
Event: 221.602 GC heap before
{Heap before GC invocations=9 (full 2):
 PSYoungGen      total 153600K, used 153587K [0x00000000f5580000, 0x0000000100000000, 0x0000000100000000)
  eden space 137728K, 100% used [0x00000000f5580000,0x00000000fdc00000,0x00000000fdc00000)
  from space 15872K, 99% used [0x00000000ff080000,0x00000000ffffce48,0x0000000100000000)
  to   space 18432K, 0% used [0x00000000fdc00000,0x00000000fdc00000,0x00000000fee00000)
 ParOldGen       total 175104K, used 20532K [0x00000000e0000000, 0x00000000eab00000, 0x00000000f5580000)
  object space 175104K, 11% used [0x00000000e0000000,0x00000000e140d228,0x00000000eab00000)
 Metaspace       used 57112K, capacity 58820K, committed 59008K, reserved 1099776K
  class space    used 7665K, capacity 8028K, committed 8064K, reserved 1048576K
Event: 224.716 GC heap after
Heap after GC invocations=9 (full 2):
 PSYoungGen      total 156160K, used 18417K [0x00000000f5580000, 0x0000000100000000, 0x0000000100000000)
  eden space 137728K, 0% used [0x00000000f5580000,0x00000000f5580000,0x00000000fdc00000)
  from space 18432K, 99% used [0x00000000fdc00000,0x00000000fedfc4f8,0x00000000fee00000)
  to   space 18432K, 0% used [0x00000000fee00000,0x00000000fee00000,0x0000000100000000)
 ParOldGen       total 175104K, used 22731K [0x00000000e0000000, 0x00000000eab00000, 0x00000000f5580000)
  object space 175104K, 12% used [0x00000000e0000000,0x00000000e1632c78,0x00000000eab00000)
 Metaspace       used 57112K, capacity 58820K, committed 59008K, reserved 1099776K
  class space    used 7665K, capacity 8028K, committed 8064K, reserved 1048576K
}
Event: 228.990 GC heap before
{Heap before GC invocations=10 (full 2):
 PSYoungGen      total 156160K, used 21318K [0x00000000f5580000, 0x0000000100000000, 0x0000000100000000)
  eden space 137728K, 2% used [0x00000000f5580000,0x00000000f5855500,0x00000000fdc00000)
  from space 18432K, 99% used [0x00000000fdc00000,0x00000000fedfc4f8,0x00000000fee00000)
  to   space 18432K, 0% used [0x00000000fee00000,0x00000000fee00000,0x0000000100000000)
 ParOldGen       total 175104K, used 22731K [0x00000000e0000000, 0x00000000eab00000, 0x00000000f5580000)
  object space 175104K, 12% used [0x00000000e0000000,0x00000000e1632c78,0x00000000eab00000)
 Metaspace       used 57277K, capacity 58988K, committed 59096K, reserved 1099776K
  class space    used 7701K, capacity 8064K, committed 8064K, reserved 1048576K
Event: 229.500 GC heap after
Heap after GC invocations=10 (full 2):
 PSYoungGen      total 151040K, used 12861K [0x00000000f5580000, 0x0000000100000000, 0x0000000100000000)
  eden space 132608K, 0% used [0x00000000f5580000,0x00000000f5580000,0x00000000fd700000)
  from space 18432K, 69% used [0x00000000fee00000,0x00000000ffa8f7b0,0x0000000100000000)
  to   space 20992K, 0% used [0x00000000fd700000,0x00000000fd700000,0x00000000feb80000)
 ParOldGen       total 175104K, used 22731K [0x00000000e0000000, 0x00000000eab00000, 0x00000000f5580000)
  object space 175104K, 12% used [0x00000000e0000000,0x00000000e1632c78,0x00000000eab00000)
 Metaspace       used 57277K, capacity 58988K, committed 59096K, reserved 1099776K
  class space    used 7701K, capacity 8064K, committed 8064K, reserved 1048576K
}
Event: 229.501 GC heap before
{Heap before GC invocations=11 (full 3):
 PSYoungGen      total 151040K, used 12861K [0x00000000f5580000, 0x0000000100000000, 0x0000000100000000)
  eden space 132608K, 0% used [0x00000000f5580000,0x00000000f5580000,0x00000000fd700000)
  from space 18432K, 69% used [0x00000000fee00000,0x00000000ffa8f7b0,0x0000000100000000)
  to   space 20992K, 0% used [0x00000000fd700000,0x00000000fd700000,0x00000000feb80000)
 ParOldGen       total 175104K, used 22731K [0x00000000e0000000, 0x00000000eab00000, 0x00000000f5580000)
  object space 175104K, 12% used [0x00000000e0000000,0x00000000e1632c78,0x00000000eab00000)
 Metaspace       used 57277K, capacity 58988K, committed 59096K, reserved 1099776K
  class space    used 7701K, capacity 8064K, committed 8064K, reserved 1048576K
Event: 235.744 GC heap after
Heap after GC invocations=11 (full 3):
 PSYoungGen      total 151040K, used 0K [0x00000000f5580000, 0x0000000100000000, 0x0000000100000000)
  eden space 132608K, 0% used [0x00000000f5580000,0x00000000f5580000,0x00000000fd700000)
  from space 18432K, 0% used [0x00000000fee00000,0x00000000fee00000,0x0000000100000000)
  to   space 20992K, 0% used [0x00000000fd700000,0x00000000fd700000,0x00000000feb80000)
 ParOldGen       total 175104K, used 27579K [0x00000000e0000000, 0x00000000eab00000, 0x00000000f5580000)
  object space 175104K, 15% used [0x00000000e0000000,0x00000000e1aeeee0,0x00000000eab00000)
 Metaspace       used 57275K, capacity 58982K, committed 59096K, reserved 1099776K
  class space    used 7701K, capacity 8063K, committed 8064K, reserved 1048576K
}
Event: 336.605 GC heap before
{Heap before GC invocations=12 (full 3):
 PSYoungGen      total 151040K, used 132608K [0x00000000f5580000, 0x0000000100000000, 0x0000000100000000)
  eden space 132608K, 100% used [0x00000000f5580000,0x00000000fd700000,0x00000000fd700000)
  from space 18432K, 0% used [0x00000000fee00000,0x00000000fee00000,0x0000000100000000)
  to   space 20992K, 0% used [0x00000000fd700000,0x00000000fd700000,0x00000000feb80000)
 ParOldGen       total 175104K, used 27579K [0x00000000e0000000, 0x00000000eab00000, 0x00000000f5580000)
  object space 175104K, 15% used [0x00000000e0000000,0x00000000e1aeeee0,0x00000000eab00000)
 Metaspace       used 63948K, capacity 66410K, committed 66688K, reserved 1105920K
  class space    used 8724K, capacity 9301K, committed 9344K, reserved 1048576K
Event: 340.521 GC heap after
Heap after GC invocations=12 (full 3):
 PSYoungGen      total 153600K, used 13555K [0x00000000f5580000, 0x0000000100000000, 0x0000000100000000)
  eden space 132608K, 0% used [0x00000000f5580000,0x00000000f5580000,0x00000000fd700000)
  from space 20992K, 64% used [0x00000000fd700000,0x00000000fe43cf48,0x00000000feb80000)
  to   space 20992K, 0% used [0x00000000feb80000,0x00000000feb80000,0x0000000100000000)
 ParOldGen       total 175104K, used 27579K [0x00000000e0000000, 0x00000000eab00000, 0x00000000f5580000)
  object space 175104K, 15% used [0x00000000e0000000,0x00000000e1aeeee0,0x00000000eab00000)
 Metaspace       used 63948K, capacity 66410K, committed 66688K, reserved 1105920K
  class space    used 8724K, capacity 9301K, committed 9344K, reserved 1048576K
}

Deoptimization events (10 events):
Event: 656.709 Thread 0x0000000014996800 Uncommon trap: reason=bimorphic action=maybe_recompile pc=0x0000000003243738 method=java.io.ObjectOutputStream$BlockDataOutputStream.drain()V @ 36
Event: 656.991 Thread 0x0000000014996800 Uncommon trap: reason=bimorphic action=maybe_recompile pc=0x0000000003243738 method=java.io.ObjectOutputStream$BlockDataOutputStream.drain()V @ 36
Event: 657.058 Thread 0x0000000014996800 Uncommon trap: reason=bimorphic action=maybe_recompile pc=0x0000000003bca358 method=java.io.ObjectOutputStream$BlockDataOutputStream.drain()V @ 36
Event: 657.521 Thread 0x0000000014996800 Uncommon trap: reason=bimorphic action=maybe_recompile pc=0x0000000003243738 method=java.io.ObjectOutputStream$BlockDataOutputStream.drain()V @ 36
Event: 710.349 Thread 0x0000000014996800 Uncommon trap: reason=predicate action=maybe_recompile pc=0x0000000003b62bb8 method=java.util.AbstractCollection.toArray([Ljava/lang/Object;)[Ljava/lang/Object; @ 49
Event: 730.380 Thread 0x0000000014996800 Uncommon trap: reason=unstable_if action=reinterpret pc=0x000000000289d6c0 method=java.util.regex.Pattern$Curly.match(Ljava/util/regex/Matcher;ILjava/lang/CharSequence;)Z @ 45
Event: 730.708 Thread 0x0000000014996800 Uncommon trap: reason=unstable_if action=reinterpret pc=0x000000000326ac9c method=com.sun.org.apache.xerces.internal.impl.XMLEntityScanner.skipSpaces()Z @ 85
Event: 730.714 Thread 0x0000000014996800 Uncommon trap: reason=unstable_if action=reinterpret pc=0x00000000032515ec method=com.sun.org.apache.xerces.internal.impl.XMLEntityScanner.peekChar()I @ 51
Event: 730.715 Thread 0x0000000014996800 Uncommon trap: reason=unstable_if action=reinterpret pc=0x0000000003028cb4 method=com.sun.org.apache.xerces.internal.impl.XMLEntityScanner.scanContent(Lcom/sun/org/apache/xerces/internal/xni/XMLString;)I @ 163
Event: 746.398 Thread 0x0000000014996800 Uncommon trap: reason=unstable_if action=reinterpret pc=0x000000000324f318 method=com.sun.org.apache.xerces.internal.util.SymbolTable.addSymbol([CII)Ljava/lang/String; @ 64

Classes redefined (0 events):
No events

Internal exceptions (10 events):
Event: 378.586 Thread 0x0000000014927000 Exception <a 'java/lang/NoSuchMethodError': <clinit>> (0x00000000faaacd10) thrown at [D:\src\AOSP-openjdk-cygwin\jdk8u\hotspot\src\share\vm\prims\jni.cpp, line 1614]
Event: 378.624 Thread 0x0000000014927000 Exception <a 'java/lang/NoSuchMethodError': <clinit>> (0x00000000faab3308) thrown at [D:\src\AOSP-openjdk-cygwin\jdk8u\hotspot\src\share\vm\prims\jni.cpp, line 1614]
Event: 409.302 Thread 0x0000000014927000 Exception <a 'java/lang/NoSuchMethodError': <clinit>> (0x00000000fb2bffe8) thrown at [D:\src\AOSP-openjdk-cygwin\jdk8u\hotspot\src\share\vm\prims\jni.cpp, line 1614]
Event: 410.681 Thread 0x0000000014927000 Exception <a 'java/lang/NoSuchMethodError': <clinit>> (0x00000000fb2cbc78) thrown at [D:\src\AOSP-openjdk-cygwin\jdk8u\hotspot\src\share\vm\prims\jni.cpp, line 1614]
Event: 410.702 Thread 0x0000000014927000 Exception <a 'java/lang/NoSuchMethodError': <clinit>> (0x00000000fb59a198) thrown at [D:\src\AOSP-openjdk-cygwin\jdk8u\hotspot\src\share\vm\prims\jni.cpp, line 1614]
Event: 446.432 Thread 0x0000000014927000 Exception <a 'java/lang/NoSuchMethodError': <clinit>> (0x00000000fb5d7558) thrown at [D:\src\AOSP-openjdk-cygwin\jdk8u\hotspot\src\share\vm\prims\jni.cpp, line 1614]
Event: 446.617 Thread 0x0000000014927000 Exception <a 'java/lang/NoSuchMethodError': <clinit>> (0x00000000fb5e8ba8) thrown at [D:\src\AOSP-openjdk-cygwin\jdk8u\hotspot\src\share\vm\prims\jni.cpp, line 1614]
Event: 446.618 Thread 0x0000000014927000 Exception <a 'java/lang/NoSuchMethodError': <clinit>> (0x00000000fb5ea6c0) thrown at [D:\src\AOSP-openjdk-cygwin\jdk8u\hotspot\src\share\vm\prims\jni.cpp, line 1614]
Event: 488.246 Thread 0x0000000014927000 Exception <a 'java/lang/NoSuchMethodError': <clinit>> (0x00000000fb605050) thrown at [D:\src\AOSP-openjdk-cygwin\jdk8u\hotspot\src\share\vm\prims\jni.cpp, line 1614]
Event: 655.623 Thread 0x0000000014996800 Exception <a 'java/lang/NoSuchMethodError': <clinit>> (0x00000000fbcf75f8) thrown at [D:\src\AOSP-openjdk-cygwin\jdk8u\hotspot\src\share\vm\prims\jni.cpp, line 1614]

Events (10 events):
Event: 748.497 loading class com/google/common/collect/ImmutableMultimap$Values
Event: 748.497 loading class com/google/common/collect/ImmutableMultimap$Values done
Event: 748.529 loading class com/google/common/collect/ImmutableMultimap$Builder
Event: 748.529 loading class com/google/common/collect/ImmutableMultimap$Builder done
Event: 749.656 Thread 0x0000000014996800 DEOPT PACKING pc=0x000000000365c8a1 sp=0x00000000173f8d40
Event: 749.657 Thread 0x0000000014996800 DEOPT UNPACKING pc=0x00000000023871d0 sp=0x00000000173f8bc0 mode 0
Event: 749.665 Thread 0x0000000014996800 DEOPT PACKING pc=0x000000000365c8a1 sp=0x00000000173f8d90
Event: 749.665 Thread 0x0000000014996800 DEOPT UNPACKING pc=0x00000000023871d0 sp=0x00000000173f8c10 mode 0
Event: 749.718 loading class com/google/common/collect/EmptyImmutableListMultimap
Event: 749.718 loading class com/google/common/collect/EmptyImmutableListMultimap done


Dynamic libraries:
0x00007ff6585a0000 - 0x00007ff6585d1000 	C:\Program Files\Android\Android Studio\jre\bin\java.exe
0x00007fff5daa0000 - 0x00007fff5dc90000 	C:\Windows\SYSTEM32\ntdll.dll
0x00007fff5d9a0000 - 0x00007fff5da52000 	C:\Windows\System32\KERNEL32.DLL
0x00007fff5ad10000 - 0x00007fff5afb3000 	C:\Windows\System32\KERNELBASE.dll
0x00007fff58b20000 - 0x00007fff58baf000 	C:\Windows\SYSTEM32\apphelp.dll
0x00007fff5ce40000 - 0x00007fff5cee3000 	C:\Windows\System32\ADVAPI32.dll
0x00007fff5bd00000 - 0x00007fff5bd9e000 	C:\Windows\System32\msvcrt.dll
0x00007fff5c8c0000 - 0x00007fff5c957000 	C:\Windows\System32\sechost.dll
0x00007fff5bb50000 - 0x00007fff5bc70000 	C:\Windows\System32\RPCRT4.dll
0x00007fff5c650000 - 0x00007fff5c7e4000 	C:\Windows\System32\USER32.dll
0x00007fff5afc0000 - 0x00007fff5afe1000 	C:\Windows\System32\win32u.dll
0x00007fff5cd60000 - 0x00007fff5cd86000 	C:\Windows\System32\GDI32.dll
0x00007fff5b010000 - 0x00007fff5b1a4000 	C:\Windows\System32\gdi32full.dll
0x00007fff5b1b0000 - 0x00007fff5b24e000 	C:\Windows\System32\msvcp_win.dll
0x00007fff5aa30000 - 0x00007fff5ab2a000 	C:\Windows\System32\ucrtbase.dll
0x00007fff49ff0000 - 0x00007fff4a275000 	C:\Windows\WinSxS\amd64_microsoft.windows.common-controls_6595b64144ccf1df_6.0.18362.657_none_e6c5b579130e3898\COMCTL32.dll
0x00007fff5c960000 - 0x00007fff5cc96000 	C:\Windows\System32\combase.dll
0x00007fff5b2a0000 - 0x00007fff5b320000 	C:\Windows\System32\bcryptPrimitives.dll
0x00007fff5c460000 - 0x00007fff5c48e000 	C:\Windows\System32\IMM32.DLL
0x000000005d410000 - 0x000000005d4e2000 	C:\Program Files\Android\Android Studio\jre\jre\bin\msvcr100.dll
0x000000005d5d0000 - 0x000000005de16000 	C:\Program Files\Android\Android Studio\jre\jre\bin\server\jvm.dll
0x00007fff5d030000 - 0x00007fff5d038000 	C:\Windows\System32\PSAPI.DLL
0x00007fff57a70000 - 0x00007fff57a94000 	C:\Windows\SYSTEM32\WINMM.dll
0x00007fff57a40000 - 0x00007fff57a6d000 	C:\Windows\SYSTEM32\WINMMBASE.dll
0x00007fff53620000 - 0x00007fff5362a000 	C:\Windows\SYSTEM32\VERSION.dll
0x00007fff57480000 - 0x00007fff57489000 	C:\Windows\SYSTEM32\WSOCK32.dll
0x00007fff5b250000 - 0x00007fff5b29a000 	C:\Windows\System32\cfgmgr32.dll
0x00007fff5cfc0000 - 0x00007fff5d02f000 	C:\Windows\System32\ws2_32.DLL
0x00007fff54080000 - 0x00007fff5408f000 	C:\Program Files\Android\Android Studio\jre\jre\bin\verify.dll
0x00007fff44f90000 - 0x00007fff44fb9000 	C:\Program Files\Android\Android Studio\jre\jre\bin\java.dll
0x00007fff4b3d0000 - 0x00007fff4b3e6000 	C:\Program Files\Android\Android Studio\jre\jre\bin\zip.dll
0x00007fff5d040000 - 0x00007fff5d725000 	C:\Windows\System32\SHELL32.dll
0x00007fff5cca0000 - 0x00007fff5cd49000 	C:\Windows\System32\shcore.dll
0x00007fff5b320000 - 0x00007fff5ba9f000 	C:\Windows\System32\windows.storage.dll
0x00007fff5aa10000 - 0x00007fff5aa2f000 	C:\Windows\System32\profapi.dll
0x00007fff5a9c0000 - 0x00007fff5aa0a000 	C:\Windows\System32\powrprof.dll
0x00007fff5a970000 - 0x00007fff5a980000 	C:\Windows\System32\UMPDC.dll
0x00007fff5d730000 - 0x00007fff5d782000 	C:\Windows\System32\shlwapi.dll
0x00007fff5a9a0000 - 0x00007fff5a9b1000 	C:\Windows\System32\kernel.appcore.dll
0x00007fff5aff0000 - 0x00007fff5b007000 	C:\Windows\System32\cryptsp.dll
0x00007fff4a4e0000 - 0x00007fff4a4fa000 	C:\Program Files\Android\Android Studio\jre\jre\bin\net.dll
0x00007fff5a1e0000 - 0x00007fff5a247000 	C:\Windows\system32\mswsock.dll
0x00007fff4a280000 - 0x00007fff4a291000 	C:\Program Files\Android\Android Studio\jre\jre\bin\nio.dll
0x00007fff483b0000 - 0x00007fff483d6000 	C:\Users\seriv\.gradle\native\29\windows-amd64\native-platform.dll
0x00007fff4e9d0000 - 0x00007fff4e9dd000 	C:\Program Files\Android\Android Studio\jre\jre\bin\management.dll
0x00007fff59d50000 - 0x00007fff59d83000 	C:\Windows\system32\rsaenh.dll
0x00007fff5ace0000 - 0x00007fff5ad06000 	C:\Windows\System32\bcrypt.dll
0x00007fff5a860000 - 0x00007fff5a885000 	C:\Windows\SYSTEM32\USERENV.dll
0x00007fff5a3b0000 - 0x00007fff5a3bc000 	C:\Windows\SYSTEM32\CRYPTBASE.dll
0x00007fff59ef0000 - 0x00007fff59f2a000 	C:\Windows\SYSTEM32\IPHLPAPI.DLL
0x00007fff5cd50000 - 0x00007fff5cd58000 	C:\Windows\System32\NSI.dll
0x00007fff4be60000 - 0x00007fff4be76000 	C:\Windows\SYSTEM32\dhcpcsvc6.DLL
0x00007fff4bfd0000 - 0x00007fff4bfec000 	C:\Windows\SYSTEM32\dhcpcsvc.DLL
0x00007fff59f30000 - 0x00007fff59ffa000 	C:\Windows\SYSTEM32\DNSAPI.dll

VM Arguments:
jvm_args: -XX:MaxMetaspaceSize=256m -XX:+HeapDumpOnOutOfMemoryError -Xms256m -Xmx512m -Dfile.encoding=windows-1252 -Duser.country=US -Duser.language=en -Duser.variant 
java_command: org.gradle.launcher.daemon.bootstrap.GradleDaemon 5.4.1
java_class_path (initial): C:\Users\seriv\.gradle\wrapper\dists\gradle-5.4.1-all\3221gyojl5jsh0helicew7rwx\gradle-5.4.1\lib\gradle-launcher-5.4.1.jar
Launcher Type: SUN_STANDARD

Environment Variables:
JAVA_HOME=C:\Program Files\Android\Android Studio\jre
PATH=C:\Program Files (x86)\Common Files\Oracle\Java\javapath;C:\Windows\system32;C:\Windows;C:\Windows\System32\Wbem;C:\Windows\System32\WindowsPowerShell\v1.0\;C:\Windows\System32\OpenSSH\;C:\Program Files\Git\cmd;C:\Program Files\doxygen\bin;C:\Users\seriv\AppData\Local\Microsoft\WindowsApps
USERNAME=seriv
OS=Windows_NT
PROCESSOR_IDENTIFIER=Intel64 Family 6 Model 92 Stepping 9, GenuineIntel



---------------  S Y S T E M  ---------------

OS: Windows 10.0 , 64 bit Build 18362 (10.0.18362.329)

CPU:total 2 (initial active 2) (2 cores per cpu, 1 threads per core) family 6 model 92 stepping 9, cmov, cx8, fxsr, mmx, sse, sse2, sse3, ssse3, sse4.1, sse4.2, popcnt, aes, clmul, erms, 3dnowpref, tsc, tscinvbit

Memory: 4k page, physical 1933600k(96008k free), swap 8225056k(2380k free)

vm_info: OpenJDK 64-Bit Server VM (25.202-b03) for windows-amd64 JRE (1.8.0_202-release-1483-b03), built by "builder" with MS VC++ 10.0 (VS2010)

time: Sun Mar 08 10:24:27 2020
timezone: Mountain Standard Time (Mexico)
elapsed time: 750 seconds (0d 0h 12m 30s)

